
> 9router-app@0.2.27 dev
> next dev --webpack

▲ Next.js 16.1.6 (webpack)
- Local:         http://localhost:3000
- Network:       http://192.168.0.2:3000

✓ Starting...
Attention: Next.js now collects completely anonymous telemetry regarding usage.
This information is used to shape Next.js' roadmap and prioritize features.
You can learn more, including how to opt-out if you'd not like to participate in this anonymous program, by visiting the following URL:
https://nextjs.org/telemetry

✓ Ready in 1456ms
○ Compiling /login ...
 GET /login 200 in 13.7s (compile: 12.2s, render: 1550ms)
 GET /api/settings 200 in 1656ms (compile: 1628ms, render: 28ms)
 GET /login 200 in 210ms (compile: 89ms, render: 121ms)
 POST /api/auth/login 200 in 1138ms (compile: 1110ms, render: 27ms)
 GET /dashboard 200 in 1194ms (compile: 1026ms, proxy.ts: 21ms, render: 147ms)
 GET /dashboard 200 in 151ms (compile: 21ms, proxy.ts: 28ms, render: 102ms)
 GET /api/settings 200 in 50ms (compile: 33ms, render: 17ms)
 GET /login 200 in 311ms (compile: 72ms, render: 238ms)
 GET /api/settings 200 in 9ms (compile: 4ms, render: 6ms)
 POST /api/auth/login 200 in 29ms (compile: 16ms, render: 13ms)
 GET /dashboard 200 in 100ms (compile: 29ms, proxy.ts: 10ms, render: 62ms)
 GET /dashboard 200 in 76ms (compile: 7ms, proxy.ts: 12ms, render: 57ms)
 GET /api/settings 200 in 19ms (compile: 7ms, render: 12ms)
 GET /api/keys 200 in 33ms (compile: 22ms, render: 11ms)
 GET /api/settings 200 in 16ms (compile: 7ms, render: 9ms)
 GET /api/keys 200 in 27ms (compile: 16ms, render: 11ms)
 GET /api/settings 200 in 45ms (compile: 9ms, render: 36ms)
 GET /api/settings 200 in 10ms (compile: 3ms, render: 6ms)
 GET /api/settings 200 in 11ms (compile: 4ms, render: 7ms)
 GET /api/settings 200 in 12ms (compile: 5ms, render: 8ms)
 GET /login 200 in 105ms (compile: 6ms, render: 99ms)
 GET /api/settings 200 in 18ms (compile: 10ms, render: 8ms)
 POST /api/auth/login 200 in 17ms (compile: 3ms, render: 14ms)
 GET /dashboard 200 in 76ms (compile: 6ms, proxy.ts: 12ms, render: 57ms)
 GET /dashboard 200 in 105ms (compile: 13ms, proxy.ts: 11ms, render: 81ms)
 GET /api/settings 200 in 9ms (compile: 5ms, render: 4ms)
 GET /api/keys 200 in 8ms (compile: 3ms, render: 5ms)
 GET /api/settings 200 in 7ms (compile: 3ms, render: 4ms)
 GET /api/keys 200 in 7ms (compile: 3ms, render: 4ms)
 GET /api/settings 200 in 9ms (compile: 3ms, render: 6ms)
 GET /api/settings 200 in 32ms (compile: 28ms, render: 4ms)
 GET /api/settings 200 in 12ms (compile: 5ms, render: 7ms)
 GET /api/settings 200 in 7ms (compile: 3ms, render: 4ms)
 GET /login 200 in 61ms (compile: 5ms, render: 56ms)
 GET /api/settings 200 in 10ms (compile: 3ms, render: 6ms)
 POST /api/auth/login 200 in 13ms (compile: 3ms, render: 9ms)
 GET /dashboard 200 in 80ms (compile: 6ms, proxy.ts: 9ms, render: 66ms)
 GET /dashboard 200 in 134ms (compile: 14ms, proxy.ts: 18ms, render: 101ms)
 GET /api/settings 200 in 31ms (compile: 19ms, render: 12ms)
 GET /api/keys 200 in 53ms (compile: 36ms, render: 17ms)
 GET /api/settings 200 in 24ms (compile: 9ms, render: 15ms)
 GET /api/keys 200 in 36ms (compile: 22ms, render: 14ms)
 GET /api/settings 200 in 51ms (compile: 37ms, render: 14ms)
 GET /api/settings 200 in 19ms (compile: 6ms, render: 13ms)
 GET /api/settings 200 in 16ms (compile: 6ms, render: 9ms)
 GET /api/settings 200 in 16ms (compile: 10ms, render: 6ms)
 GET /login 200 in 103ms (compile: 5ms, render: 99ms)
 GET /api/settings 200 in 9ms (compile: 4ms, render: 5ms)
 POST /api/auth/login 200 in 14ms (compile: 5ms, render: 9ms)
 GET /dashboard 200 in 75ms (compile: 6ms, proxy.ts: 11ms, render: 59ms)
 GET /dashboard 200 in 100ms (compile: 11ms, proxy.ts: 13ms, render: 75ms)
 GET /api/settings 200 in 9ms (compile: 3ms, render: 6ms)
 GET /api/keys 200 in 10ms (compile: 5ms, render: 5ms)
 GET /api/settings 200 in 18ms (compile: 13ms, render: 5ms)
 GET /api/keys 200 in 10ms (compile: 3ms, render: 6ms)
 GET /api/settings 200 in 9ms (compile: 5ms, render: 4ms)
 GET /api/settings 200 in 14ms (compile: 4ms, render: 10ms)
 GET /api/settings 200 in 7ms (compile: 3ms, render: 4ms)
 GET /api/settings 200 in 10ms (compile: 3ms, render: 6ms)
 GET /login 200 in 64ms (compile: 4ms, render: 60ms)
 GET /api/settings 200 in 8ms (compile: 3ms, render: 5ms)
 POST /api/auth/login 200 in 10ms (compile: 3ms, render: 8ms)
 GET /dashboard 200 in 65ms (compile: 5ms, proxy.ts: 10ms, render: 50ms)
 GET /dashboard 200 in 92ms (compile: 9ms, proxy.ts: 10ms, render: 73ms)
 GET /api/settings 200 in 11ms (compile: 6ms, render: 5ms)
 GET /api/keys 200 in 14ms (compile: 10ms, render: 4ms)
 GET /api/settings 200 in 12ms (compile: 8ms, render: 4ms)
 GET /api/keys 200 in 18ms (compile: 13ms, render: 5ms)
 GET /api/settings 200 in 19ms (compile: 10ms, render: 9ms)
 GET /api/settings 200 in 6ms (compile: 2ms, render: 4ms)
 GET /api/settings 200 in 8ms (compile: 2ms, render: 5ms)
 GET /api/settings 200 in 6ms (compile: 2ms, render: 4ms)
⚠ Fast Refresh had to perform a full reload. Read more: https://nextjs.org/docs/messages/fast-refresh-reload
 GET /dashboard/providers 200 in 1987ms (compile: 1667ms, proxy.ts: 10ms, render: 310ms)
 GET /api/settings 200 in 31ms (compile: 21ms, render: 10ms)
 GET /api/settings 200 in 16ms (compile: 11ms, render: 5ms)
 GET /api/providers 200 in 1002ms (compile: 985ms, render: 18ms)
 GET /api/provider-nodes 200 in 1001ms (compile: 980ms, render: 21ms)
